----------------
New travel plan

BCN-BKK
-- 09/07/2023
-- 10/07/2023
-- 11/07/2023

BCN --> BKK | 11/07/2023 | Lufthansa --> 539.6 €

BKK-BCN
-- 19/08/2023
-- 20/08/2023
-- 21/08/2023

BKK --> BCN | 21/08/2023 | Etihad Airways --> 634.98 €

BCN-DPS
-- 09/07/2023
-- 10/07/2023
-- 11/07/2023

BCN --> DPS | 09/07/2023 | Qatar Airways --> 692.98 €

DPS-BCN
-- 19/08/2023
-- 20/08/2023
-- 21/08/2023

DPS --> BCN | 21/08/2023 | Singapore Airlines --> 554.69 €

MAD-BKK
-- 09/07/2023
-- 10/07/2023
-- 11/07/2023

MAD --> BKK | 09/07/2023 | Qatar Airways --> 613.27 €

BKK-MAD
-- 19/08/2023
-- 20/08/2023
-- 21/08/2023

BKK --> MAD | 20/08/2023 | Etihad Airways --> 608.15 €

MAD-DPS
-- 09/07/2023
-- 10/07/2023
-- 11/07/2023

MAD --> DPS | 10/07/2023 | Qatar Airways --> 654.74 €

DPS-MAD
-- 19/08/2023
-- 20/08/2023
-- 21/08/2023

DPS --> MAD | 21/08/2023 | Batik Air --> 611.42 €
----------------
New travel plan

BCN-OSL
-- 30/06/2023
-- 01/07/2023
-- 02/07/2023

BCN --> OSL | 02/07/2023 | Vueling Airlines --> 74.99 €

OSL-BCN
-- 11/07/2023
-- 12/07/2023
-- 13/07/2023

OSL --> BCN | 12/07/2023 | Norwegian --> 153.01 €

BCN-KEF
-- 30/06/2023
-- 01/07/2023
-- 02/07/2023

BCN --> KEF | 30/06/2023 | Fly Play --> 202.06 €

KEF-BCN
-- 11/07/2023
ERROR: La api no ha devuelto nada
-- 12/07/2023
-- 13/07/2023

KEF --> BCN | 13/07/2023 | easyJet --> 119.98 €

BCN-CPH
-- 30/06/2023
-- 01/07/2023
-- 02/07/2023

BCN --> CPH | 30/06/2023 | Vueling Airlines --> 43.99 €

CPH-BCN
-- 11/07/2023
-- 12/07/2023
-- 13/07/2023

CPH --> BCN | 11/07/2023 | Malta Air --> 97.94 €


Travel plans: 2
Itineraries: 14
